Using pre-set license
Built from '2020.3/staging' branch; Version is '2020.3.19f1 (68f137dc9bbe) revision 6877495'; Using compiler version '192528614'; Build Type 'Release'
OS: 'Windows 10 Pro; OS build 19043.1237; Version 2009; 64bit' Language: 'de' Physical Memory: 16333 MB
BatchMode: 1, IsHumanControllingUs: 0, StartBugReporterOnCrash: 0, Is64bit: 1, IsPro: 0

COMMAND LINE ARGUMENTS:
C:\Program Files\Unity\Hub\Editor\2020.3.19f1\Editor\Unity.exe
-adb2
-batchMode
-noUpm
-name
AssetImportWorker0
-projectPath
C:/Users/Megaport/Desktop/LudumDare49/LudumDare49
-logFile
Logs/AssetImportWorker0.log
-srvPort
64144
Successfully changed project path to: C:/Users/Megaport/Desktop/LudumDare49/LudumDare49
C:/Users/Megaport/Desktop/LudumDare49/LudumDare49
Using Asset Import Pipeline V2.
Refreshing native plugins compatible for Editor in 30.08 ms, found 2 plugins.
Preloading 0 native plugins for Editor in 0.00 ms.
Initialize engine version: 2020.3.19f1 (68f137dc9bbe)
[Subsystems] Discovering subsystems at path C:/Program Files/Unity/Hub/Editor/2020.3.19f1/Editor/Data/Resources/UnitySubsystems
[Subsystems] Discovering subsystems at path C:/Users/Megaport/Desktop/LudumDare49/LudumDare49/Assets
GfxDevice: creating device client; threaded=0
Direct3D:
    Version:  Direct3D 11.0 [level 11.1]
    Renderer: NVIDIA GeForce RTX 2060 (ID=0x1f08)
    Vendor:   
    VRAM:     5980 MB
    Driver:   27.21.14.6079
Initialize mono
Mono path[0] = 'C:/Program Files/Unity/Hub/Editor/2020.3.19f1/Editor/Data/Managed'
Mono path[1] = 'C:/Program Files/Unity/Hub/Editor/2020.3.19f1/Editor/Data/MonoBleedingEdge/lib/mono/unityjit'
Mono config path = 'C:/Program Files/Unity/Hub/Editor/2020.3.19f1/Editor/Data/MonoBleedingEdge/etc'
Using monoOptions --debugger-agent=transport=dt_socket,embedding=1,server=y,suspend=n,address=127.0.0.1:56816
Begin MonoManager ReloadAssembly
Registering precompiled unity dll's ...
Register platform support module: C:/Program Files/Unity/Hub/Editor/2020.3.19f1/Editor/Data/PlaybackEngines/WindowsStandaloneSupport/UnityEditor.WindowsStandalone.Extensions.dll
Registered in 0.002173 seconds.
Native extension for WindowsStandalone target not found
Refreshing native plugins compatible for Editor in 29.59 ms, found 2 plugins.
Preloading 0 native plugins for Editor in 0.00 ms.
Mono: successfully reloaded assembly
- Completed reload, in  4.897 seconds
Domain Reload Profiling:
	ReloadAssembly (4897ms)
		BeginReloadAssembly (56ms)
			ExecutionOrderSort (0ms)
			DisableScriptedObjects (0ms)
			BackupInstance (0ms)
			ReleaseScriptingObjects (0ms)
			CreateAndSetChildDomain (1ms)
		EndReloadAssembly (448ms)
			LoadAssemblies (53ms)
			RebuildTransferFunctionScriptingTraits (0ms)
			SetupTypeCache (166ms)
			ReleaseScriptCaches (0ms)
			RebuildScriptCaches (29ms)
			SetupLoadedEditorAssemblies (175ms)
				LogAssemblyErrors (0ms)
				InitializePlatformSupportModulesInManaged (4ms)
				SetLoadedEditorAssemblies (0ms)
				RefreshPlugins (30ms)
				BeforeProcessingInitializeOnLoad (8ms)
				ProcessInitializeOnLoadAttributes (95ms)
				ProcessInitializeOnLoadMethodAttributes (37ms)
				AfterProcessingInitializeOnLoad (0ms)
				EditorAssembliesLoaded (0ms)
			ExecutionOrderSort2 (0ms)
			AwakeInstancesAfterBackupRestoration (0ms)
Platform modules already initialized, skipping
Registering precompiled user dll's ...
Registered in 0.003228 seconds.
Begin MonoManager ReloadAssembly
Native extension for WindowsStandalone target not found
Refreshing native plugins compatible for Editor in 0.42 ms, found 2 plugins.
Preloading 0 native plugins for Editor in 0.00 ms.
Mono: successfully reloaded assembly
- Completed reload, in  1.315 seconds
Domain Reload Profiling:
	ReloadAssembly (1316ms)
		BeginReloadAssembly (163ms)
			ExecutionOrderSort (0ms)
			DisableScriptedObjects (6ms)
			BackupInstance (0ms)
			ReleaseScriptingObjects (0ms)
			CreateAndSetChildDomain (20ms)
		EndReloadAssembly (1085ms)
			LoadAssemblies (110ms)
			RebuildTransferFunctionScriptingTraits (0ms)
			SetupTypeCache (304ms)
			ReleaseScriptCaches (0ms)
			RebuildScriptCaches (54ms)
			SetupLoadedEditorAssemblies (486ms)
				LogAssemblyErrors (0ms)
				InitializePlatformSupportModulesInManaged (7ms)
				SetLoadedEditorAssemblies (1ms)
				RefreshPlugins (0ms)
				BeforeProcessingInitializeOnLoad (121ms)
				ProcessInitializeOnLoadAttributes (340ms)
				ProcessInitializeOnLoadMethodAttributes (7ms)
				AfterProcessingInitializeOnLoad (9ms)
				EditorAssembliesLoaded (0ms)
			ExecutionOrderSort2 (0ms)
			AwakeInstancesAfterBackupRestoration (15ms)
Platform modules already initialized, skipping
========================================================================
Worker process is ready to serve import requests
Launched and connected shader compiler UnityShaderCompiler.exe after 0.15 seconds
Refreshing native plugins compatible for Editor in 0.54 ms, found 2 plugins.
Preloading 0 native plugins for Editor in 0.00 ms.
Unloading 1398 Unused Serialized files (Serialized files now loaded: 0)
System memory in use before: 64.8 MB.
System memory in use after: 64.9 MB.

Unloading 16 unused Assets to reduce memory usage. Loaded Objects now: 1833.
Total: 5.628100 ms (FindLiveObjects: 0.279800 ms CreateObjectMapping: 0.074500 ms MarkObjects: 5.131700 ms  DeleteObjects: 0.139200 ms)

AssetImportParameters requested are different than current active one (requested -> active):
  custom:framework-win-MediaFoundation: 216162199b28c13a410421893ffa2e32 -> 
  custom:video-decoder-ogg-theora: a1e56fd34408186e4bbccfd4996cb3dc -> 
  custom:container-muxer-webm: aa71ff27fc2769a1b78a27578f13a17b -> 
  custom:container-demuxer-webm: 4f35f7cbe854078d1ac9338744f61a02 -> 
  custom:container-demuxer-ogg: 62fdf1f143b41e24485cea50d1cbac27 -> 
  custom:video-encoder-webm-vp8: eb34c28f22e8b96e1ab97ce403110664 -> 
  custom:video-decoder-webm-vp8: 9c59270c3fd7afecdb556c50c9e8de78 -> 
  custom:audio-decoder-ogg-vorbis: bf7c407c2cedff20999df2af8eb42d56 -> 
  custom:audio-encoder-webm-vorbis: bf7c407c2cedff20999df2af8eb42d56 -> 
========================================================================
Received Import Request.
  path: Assets/skr.cs
  artifactKey: Guid(61d51dc547e2eb7458b64e5157f68577) Importer(815301076,1909f56bfc062723c751e8b465ee728b)
Start importing Assets/skr.cs using Guid(61d51dc547e2eb7458b64e5157f68577) Importer(815301076,1909f56bfc062723c751e8b465ee728b)  -> (artifact id: '01c4a387f450ecf5c97efadf7ec3fcfc') in 0.074536 seconds 
  Import took 0.091679 seconds .

========================================================================
Received Prepare
Registering precompiled user dll's ...
Registered in 0.002553 seconds.
Begin MonoManager ReloadAssembly
Native extension for WindowsStandalone target not found
Refreshing native plugins compatible for Editor in 0.33 ms, found 2 plugins.
Preloading 0 native plugins for Editor in 0.00 ms.
Mono: successfully reloaded assembly
- Completed reload, in  0.932 seconds
Domain Reload Profiling:
	ReloadAssembly (933ms)
		BeginReloadAssembly (110ms)
			ExecutionOrderSort (0ms)
			DisableScriptedObjects (5ms)
			BackupInstance (0ms)
			ReleaseScriptingObjects (0ms)
			CreateAndSetChildDomain (31ms)
		EndReloadAssembly (759ms)
			LoadAssemblies (84ms)
			RebuildTransferFunctionScriptingTraits (0ms)
			SetupTypeCache (268ms)
			ReleaseScriptCaches (1ms)
			RebuildScriptCaches (35ms)
			SetupLoadedEditorAssemblies (273ms)
				LogAssemblyErrors (0ms)
				InitializePlatformSupportModulesInManaged (5ms)
				SetLoadedEditorAssemblies (0ms)
				RefreshPlugins (0ms)
				BeforeProcessingInitializeOnLoad (51ms)
				ProcessInitializeOnLoadAttributes (206ms)
				ProcessInitializeOnLoadMethodAttributes (4ms)
				AfterProcessingInitializeOnLoad (6ms)
				EditorAssembliesLoaded (0ms)
			ExecutionOrderSort2 (0ms)
			AwakeInstancesAfterBackupRestoration (8ms)
Platform modules already initialized, skipping
Refreshing native plugins compatible for Editor in 0.32 ms, found 2 plugins.
Preloading 0 native plugins for Editor in 0.00 ms.
Unloading 1391 Unused Serialized files (Serialized files now loaded: 0)
System memory in use before: 64.6 MB.
System memory in use after: 64.8 MB.

Unloading 12 unused Assets to reduce memory usage. Loaded Objects now: 1834.
Total: 3.129800 ms (FindLiveObjects: 0.164300 ms CreateObjectMapping: 0.035300 ms MarkObjects: 2.903600 ms  DeleteObjects: 0.024900 ms)

AssetImportParameters requested are different than current active one (requested -> active):
  custom:framework-win-MediaFoundation: 216162199b28c13a410421893ffa2e32 -> 
  custom:video-decoder-ogg-theora: a1e56fd34408186e4bbccfd4996cb3dc -> 
  custom:container-muxer-webm: aa71ff27fc2769a1b78a27578f13a17b -> 
  custom:container-demuxer-webm: 4f35f7cbe854078d1ac9338744f61a02 -> 
  custom:container-demuxer-ogg: 62fdf1f143b41e24485cea50d1cbac27 -> 
  custom:video-encoder-webm-vp8: eb34c28f22e8b96e1ab97ce403110664 -> 
  custom:video-decoder-webm-vp8: 9c59270c3fd7afecdb556c50c9e8de78 -> 
  custom:audio-decoder-ogg-vorbis: bf7c407c2cedff20999df2af8eb42d56 -> 
  custom:audio-encoder-webm-vorbis: bf7c407c2cedff20999df2af8eb42d56 -> 
========================================================================
Received Prepare
Registering precompiled user dll's ...
Registered in 0.002724 seconds.
Begin MonoManager ReloadAssembly
Native extension for WindowsStandalone target not found
Refreshing native plugins compatible for Editor in 0.31 ms, found 2 plugins.
Preloading 0 native plugins for Editor in 0.00 ms.
Mono: successfully reloaded assembly
- Completed reload, in  1.009 seconds
Domain Reload Profiling:
	ReloadAssembly (1011ms)
		BeginReloadAssembly (156ms)
			ExecutionOrderSort (0ms)
			DisableScriptedObjects (12ms)
			BackupInstance (0ms)
			ReleaseScriptingObjects (0ms)
			CreateAndSetChildDomain (63ms)
		EndReloadAssembly (779ms)
			LoadAssemblies (85ms)
			RebuildTransferFunctionScriptingTraits (0ms)
			SetupTypeCache (279ms)
			ReleaseScriptCaches (1ms)
			RebuildScriptCaches (42ms)
			SetupLoadedEditorAssemblies (268ms)
				LogAssemblyErrors (0ms)
				InitializePlatformSupportModulesInManaged (5ms)
				SetLoadedEditorAssemblies (0ms)
				RefreshPlugins (0ms)
				BeforeProcessingInitializeOnLoad (48ms)
				ProcessInitializeOnLoadAttributes (203ms)
				ProcessInitializeOnLoadMethodAttributes (4ms)
				AfterProcessingInitializeOnLoad (6ms)
				EditorAssembliesLoaded (0ms)
			ExecutionOrderSort2 (0ms)
			AwakeInstancesAfterBackupRestoration (7ms)
Platform modules already initialized, skipping
Refreshing native plugins compatible for Editor in 0.33 ms, found 2 plugins.
Preloading 0 native plugins for Editor in 0.00 ms.
Unloading 1397 Unused Serialized files (Serialized files now loaded: 0)
System memory in use before: 65.4 MB.
System memory in use after: 65.3 MB.

Unloading 14 unused Assets to reduce memory usage. Loaded Objects now: 1839.
Total: 4.817200 ms (FindLiveObjects: 0.371400 ms CreateObjectMapping: 0.052200 ms MarkObjects: 4.208000 ms  DeleteObjects: 0.182700 ms)

AssetImportParameters requested are different than current active one (requested -> active):
  custom:framework-win-MediaFoundation: 216162199b28c13a410421893ffa2e32 -> 
  custom:video-decoder-ogg-theora: a1e56fd34408186e4bbccfd4996cb3dc -> 
  custom:container-muxer-webm: aa71ff27fc2769a1b78a27578f13a17b -> 
  custom:container-demuxer-webm: 4f35f7cbe854078d1ac9338744f61a02 -> 
  custom:container-demuxer-ogg: 62fdf1f143b41e24485cea50d1cbac27 -> 
  custom:video-encoder-webm-vp8: eb34c28f22e8b96e1ab97ce403110664 -> 
  custom:video-decoder-webm-vp8: 9c59270c3fd7afecdb556c50c9e8de78 -> 
  custom:audio-decoder-ogg-vorbis: bf7c407c2cedff20999df2af8eb42d56 -> 
  custom:audio-encoder-webm-vorbis: bf7c407c2cedff20999df2af8eb42d56 -> 
========================================================================
Received Import Request.
  Time since last request: 6253.968256 seconds.
  path: Assets/FlexibleCelShader
  artifactKey: Guid(a01ff535c07587b458548a9f2e21a15f) Importer(815301076,1909f56bfc062723c751e8b465ee728b)
Start importing Assets/FlexibleCelShader using Guid(a01ff535c07587b458548a9f2e21a15f) Importer(815301076,1909f56bfc062723c751e8b465ee728b)  -> (artifact id: '1daabda9f95d47563318fd064081f9dd') in 0.008495 seconds 
  Import took 0.011230 seconds .

========================================================================
Received Import Request.
  Time since last request: 6.255651 seconds.
  path: Assets/Scenes
  artifactKey: Guid(c48e0b57368990742a32ce0d15d8e4cc) Importer(815301076,1909f56bfc062723c751e8b465ee728b)
Start importing Assets/Scenes using Guid(c48e0b57368990742a32ce0d15d8e4cc) Importer(815301076,1909f56bfc062723c751e8b465ee728b)  -> (artifact id: 'fd226d9c11925a0526eda0d388823f1c') in 0.008604 seconds 
  Import took 0.010793 seconds .

========================================================================
Received Import Request.
  Time since last request: 6.823971 seconds.
  path: Assets/FlexibleCelShader/GettingStarted.pdf
  artifactKey: Guid(34bfb3066a215e14093bf56b2f30d766) Importer(815301076,1909f56bfc062723c751e8b465ee728b)
Start importing Assets/FlexibleCelShader/GettingStarted.pdf using Guid(34bfb3066a215e14093bf56b2f30d766) Importer(815301076,1909f56bfc062723c751e8b465ee728b)  -> (artifact id: 'a41b04c4291bbaf06a00dbc9000d5d3d') in 0.024096 seconds 
  Import took 0.026731 seconds .

========================================================================
Received Import Request.
  Time since last request: 39.985643 seconds.
  path: Assets/FlexibleCelShader/Example
  artifactKey: Guid(ea31e2b3ce86eab4a8f6d14c33e9e003) Importer(815301076,1909f56bfc062723c751e8b465ee728b)
Start importing Assets/FlexibleCelShader/Example using Guid(ea31e2b3ce86eab4a8f6d14c33e9e003) Importer(815301076,1909f56bfc062723c751e8b465ee728b)  -> (artifact id: 'c0b9ba9e8d4620e85ffad788e8fd5016') in 0.008914 seconds 
  Import took 0.011205 seconds .

========================================================================
Received Import Request.
  Time since last request: 0.072518 seconds.
  path: Assets/FlexibleCelShader/Example/ExplMat1.mat
  artifactKey: Guid(03cea75956fea834698cd855e1931aa0) Importer(815301076,1909f56bfc062723c751e8b465ee728b)
Start importing Assets/FlexibleCelShader/Example/ExplMat1.mat using Guid(03cea75956fea834698cd855e1931aa0) Importer(815301076,1909f56bfc062723c751e8b465ee728b)  -> (artifact id: '18b8d214d62a6a6e4e831d97231c61bb') in 0.153949 seconds 
  Import took 0.157280 seconds .

========================================================================
Received Import Request.
  Time since last request: 0.000175 seconds.
  path: Assets/FlexibleCelShader/Example/ExplMat2.mat
  artifactKey: Guid(464aa8dc83108f249a5b3cd75f0f5d85) Importer(815301076,1909f56bfc062723c751e8b465ee728b)
Start importing Assets/FlexibleCelShader/Example/ExplMat2.mat using Guid(464aa8dc83108f249a5b3cd75f0f5d85) Importer(815301076,1909f56bfc062723c751e8b465ee728b)  -> (artifact id: '0439460e9ecfdfd78c44e0c97e12624f') in 0.030875 seconds 
  Import took 0.033311 seconds .

========================================================================
Received Import Request.
  Time since last request: 0.000192 seconds.
  path: Assets/FlexibleCelShader/Example/ExplMat3.mat
  artifactKey: Guid(aa2fec226364ea640a62d7dd8c7572ce) Importer(815301076,1909f56bfc062723c751e8b465ee728b)
Start importing Assets/FlexibleCelShader/Example/ExplMat3.mat using Guid(aa2fec226364ea640a62d7dd8c7572ce) Importer(815301076,1909f56bfc062723c751e8b465ee728b)  -> (artifact id: '96cbed25a43f60215787eebbb65c506e') in 0.031366 seconds 
  Import took 0.036748 seconds .

========================================================================
Received Import Request.
  Time since last request: 1.098649 seconds.
  path: Assets/FlexibleCelShader/Example/Example Scene.unity
  artifactKey: Guid(604f3129ccc5a0b4cb53b06712bb9484) Importer(815301076,1909f56bfc062723c751e8b465ee728b)
Start importing Assets/FlexibleCelShader/Example/Example Scene.unity using Guid(604f3129ccc5a0b4cb53b06712bb9484) Importer(815301076,1909f56bfc062723c751e8b465ee728b)  -> (artifact id: '18dec9543e50a6a1e2f59ed73977c1d1') in 0.006845 seconds 
  Import took 0.009142 seconds .

========================================================================
Received Import Request.
  Time since last request: 35.443416 seconds.
  path: Assets/FlexibleCelShader/Example/Example SceneSettings.lighting
  artifactKey: Guid(a2783a20b74d31c4c974682fb7d9bd84) Importer(815301076,1909f56bfc062723c751e8b465ee728b)
Start importing Assets/FlexibleCelShader/Example/Example SceneSettings.lighting using Guid(a2783a20b74d31c4c974682fb7d9bd84) Importer(815301076,1909f56bfc062723c751e8b465ee728b) LightingSettings: switching bake backend from 1 to 0.
 -> (artifact id: '0f0c1b4fa98a1b90b8ae321a7bc8658c') in 0.009024 seconds 
  Import took 0.011867 seconds .

========================================================================
Received Import Request.
  Time since last request: 10.174061 seconds.
  path: Assets/FlexibleCelShader/Editor
  artifactKey: Guid(81d864e0349d90c4999ab38eed4e2251) Importer(815301076,1909f56bfc062723c751e8b465ee728b)
Start importing Assets/FlexibleCelShader/Editor using Guid(81d864e0349d90c4999ab38eed4e2251) Importer(815301076,1909f56bfc062723c751e8b465ee728b)  -> (artifact id: '852d3893b64246c283c6d82deb747630') in 0.006369 seconds 
  Import took 0.008699 seconds .

========================================================================
Received Import Request.
  Time since last request: 2.838559 seconds.
  path: Assets/FlexibleCelShader/Presets
  artifactKey: Guid(80851ea73cd6cfe4c8928009fe88131e) Importer(815301076,1909f56bfc062723c751e8b465ee728b)
Start importing Assets/FlexibleCelShader/Presets using Guid(80851ea73cd6cfe4c8928009fe88131e) Importer(815301076,1909f56bfc062723c751e8b465ee728b)  -> (artifact id: '29437655bec903f968114418635bd9a0') in 0.006634 seconds 
  Import took 0.009546 seconds .

========================================================================
Received Import Request.
  Time since last request: 2.365230 seconds.
  path: Assets/FlexibleCelShader/Shaders
  artifactKey: Guid(c7a85af8ee2503e4b80827f931db1bfd) Importer(815301076,1909f56bfc062723c751e8b465ee728b)
Start importing Assets/FlexibleCelShader/Shaders using Guid(c7a85af8ee2503e4b80827f931db1bfd) Importer(815301076,1909f56bfc062723c751e8b465ee728b)  -> (artifact id: '892c70b31063257f2fcbcda5848d55c8') in 0.006699 seconds 
  Import took 0.008988 seconds .

========================================================================
Received Import Request.
  Time since last request: 9.094449 seconds.
  path: Assets/FlexibleCelShader/Shaders/CelOutline.shader
  artifactKey: Guid(8fa84e1c8f3a97b4bb416e8eb087630e) Importer(815301076,1909f56bfc062723c751e8b465ee728b)
Start importing Assets/FlexibleCelShader/Shaders/CelOutline.shader using Guid(8fa84e1c8f3a97b4bb416e8eb087630e) Importer(815301076,1909f56bfc062723c751e8b465ee728b)  -> (artifact id: 'c995b1202b0681beacaa44a6a0d8832a') in 0.010391 seconds 
  Import took 0.013033 seconds .

========================================================================
Received Prepare
Registering precompiled user dll's ...
Registered in 0.002718 seconds.
Begin MonoManager ReloadAssembly
Native extension for WindowsStandalone target not found
Refreshing native plugins compatible for Editor in 0.34 ms, found 2 plugins.
Preloading 0 native plugins for Editor in 0.00 ms.
Mono: successfully reloaded assembly
- Completed reload, in  0.957 seconds
Domain Reload Profiling:
	ReloadAssembly (957ms)
		BeginReloadAssembly (110ms)
			ExecutionOrderSort (0ms)
			DisableScriptedObjects (4ms)
			BackupInstance (0ms)
			ReleaseScriptingObjects (0ms)
			CreateAndSetChildDomain (32ms)
		EndReloadAssembly (784ms)
			LoadAssemblies (86ms)
			RebuildTransferFunctionScriptingTraits (0ms)
			SetupTypeCache (258ms)
			ReleaseScriptCaches (1ms)
			RebuildScriptCaches (36ms)
			SetupLoadedEditorAssemblies (299ms)
				LogAssemblyErrors (0ms)
				InitializePlatformSupportModulesInManaged (5ms)
				SetLoadedEditorAssemblies (0ms)
				RefreshPlugins (0ms)
				BeforeProcessingInitializeOnLoad (50ms)
				ProcessInitializeOnLoadAttributes (232ms)
				ProcessInitializeOnLoadMethodAttributes (4ms)
				AfterProcessingInitializeOnLoad (6ms)
				EditorAssembliesLoaded (0ms)
			ExecutionOrderSort2 (0ms)
			AwakeInstancesAfterBackupRestoration (7ms)
Platform modules already initialized, skipping
Refreshing native plugins compatible for Editor in 0.37 ms, found 2 plugins.
Preloading 0 native plugins for Editor in 0.00 ms.
Unloading 1397 Unused Serialized files (Serialized files now loaded: 0)
System memory in use before: 68.8 MB.
System memory in use after: 68.8 MB.

Unloading 13 unused Assets to reduce memory usage. Loaded Objects now: 1882.
Total: 2.901500 ms (FindLiveObjects: 0.159200 ms CreateObjectMapping: 0.036100 ms MarkObjects: 2.602200 ms  DeleteObjects: 0.102800 ms)

AssetImportParameters requested are different than current active one (requested -> active):
  custom:framework-win-MediaFoundation: 216162199b28c13a410421893ffa2e32 -> 
  custom:video-decoder-ogg-theora: a1e56fd34408186e4bbccfd4996cb3dc -> 
  custom:container-muxer-webm: aa71ff27fc2769a1b78a27578f13a17b -> 
  custom:container-demuxer-webm: 4f35f7cbe854078d1ac9338744f61a02 -> 
  custom:container-demuxer-ogg: 62fdf1f143b41e24485cea50d1cbac27 -> 
  custom:video-encoder-webm-vp8: eb34c28f22e8b96e1ab97ce403110664 -> 
  custom:video-decoder-webm-vp8: 9c59270c3fd7afecdb556c50c9e8de78 -> 
  custom:audio-decoder-ogg-vorbis: bf7c407c2cedff20999df2af8eb42d56 -> 
  custom:audio-encoder-webm-vorbis: bf7c407c2cedff20999df2af8eb42d56 -> 
========================================================================
Received Import Request.
  Time since last request: 324.785814 seconds.
  path: Packages/com.unity.ext.nunit/package.json
  artifactKey: Guid(8143d3a8390f2c64685e3bc272bd9e90) Importer(815301076,1909f56bfc062723c751e8b465ee728b)
Start importing Packages/com.unity.ext.nunit/package.json using Guid(8143d3a8390f2c64685e3bc272bd9e90) Importer(815301076,1909f56bfc062723c751e8b465ee728b)  -> (artifact id: '36f449bd9ed4a92e06d659da724da745') in 0.026641 seconds 
  Import took 0.030663 seconds .

========================================================================
Received Import Request.
  Time since last request: 0.950288 seconds.
  path: Packages/com.unity.ide.rider/package.json
  artifactKey: Guid(66c95bb3c74257f41bae2622511dc02d) Importer(815301076,1909f56bfc062723c751e8b465ee728b)
Start importing Packages/com.unity.ide.rider/package.json using Guid(66c95bb3c74257f41bae2622511dc02d) Importer(815301076,1909f56bfc062723c751e8b465ee728b)  -> (artifact id: 'ff96f7b61e94a0dc9b975679be81ead9') in 0.008549 seconds 
  Import took 0.011719 seconds .

========================================================================
Received Import Request.
  Time since last request: 0.422583 seconds.
  path: Packages/com.unity.textmeshpro/package.json
  artifactKey: Guid(220e9325710f4235a43492dd1ee4980d) Importer(815301076,1909f56bfc062723c751e8b465ee728b)
Start importing Packages/com.unity.textmeshpro/package.json using Guid(220e9325710f4235a43492dd1ee4980d) Importer(815301076,1909f56bfc062723c751e8b465ee728b)  -> (artifact id: '2c6d4de5db3a39bcb3575c98dc9df750') in 0.008208 seconds 
  Import took 0.011256 seconds .

========================================================================
Received Import Request.
  Time since last request: 0.990857 seconds.
  path: Packages/com.unity.timeline/package.json
  artifactKey: Guid(13a9c1b4df2e489e8eb9cacca7429596) Importer(815301076,1909f56bfc062723c751e8b465ee728b)
Start importing Packages/com.unity.timeline/package.json using Guid(13a9c1b4df2e489e8eb9cacca7429596) Importer(815301076,1909f56bfc062723c751e8b465ee728b)  -> (artifact id: '82c6c08db8f434b9305b26de0687e812') in 0.007238 seconds 
  Import took 0.009963 seconds .

========================================================================
Received Import Request.
  Time since last request: 0.882953 seconds.
  path: Packages/com.unity.ugui/package.json
  artifactKey: Guid(319b8889f363f5947acf209c17a94149) Importer(815301076,1909f56bfc062723c751e8b465ee728b)
Start importing Packages/com.unity.ugui/package.json using Guid(319b8889f363f5947acf209c17a94149) Importer(815301076,1909f56bfc062723c751e8b465ee728b)  -> (artifact id: '39d1f12f0f4420a8b9dea50868bbb5d0') in 0.007170 seconds 
  Import took 0.009437 seconds .

========================================================================
Received Import Request.
  Time since last request: 0.631948 seconds.
  path: Packages/com.unity.collab-proxy/package.json
  artifactKey: Guid(743fda8c4b219c8429fb5a77ede1c879) Importer(815301076,1909f56bfc062723c751e8b465ee728b)
Start importing Packages/com.unity.collab-proxy/package.json using Guid(743fda8c4b219c8429fb5a77ede1c879) Importer(815301076,1909f56bfc062723c751e8b465ee728b)  -> (artifact id: 'e3763271ecccd17d02d139549a016030') in 0.008453 seconds 
  Import took 0.011336 seconds .

========================================================================
Received Import Request.
  Time since last request: 41.273950 seconds.
  path: Assets/testchar.blend
  artifactKey: Guid(746cd26786d9d2541a25d6d92ce53805) Importer(815301076,1909f56bfc062723c751e8b465ee728b)
Start importing Assets/testchar.blend using Guid(746cd26786d9d2541a25d6d92ce53805) Importer(815301076,1909f56bfc062723c751e8b465ee728b)  -> (artifact id: '4a49e7805ded5876e415bce1dd8b8ada') in 0.200055 seconds 
  Import took 0.203520 seconds .

========================================================================
Received Import Request.
  Time since last request: 136.237680 seconds.
  path: Assets/testchar.fbx
  artifactKey: Guid(cfc89cc69e59f26448944ddc6674a3fb) Importer(815301076,1909f56bfc062723c751e8b465ee728b)
Start importing Assets/testchar.fbx using Guid(cfc89cc69e59f26448944ddc6674a3fb) Importer(815301076,1909f56bfc062723c751e8b465ee728b)  -> (artifact id: '0a0f342990f5ace33c6c33d44b76e3e7') in 0.105705 seconds 
  Import took 0.109678 seconds .

========================================================================
Received Import Request.
  Time since last request: 197.766878 seconds.
  path: Assets
  artifactKey: Guid(00000000000000001000000000000000) Importer(815301076,1909f56bfc062723c751e8b465ee728b)
Start importing Assets using Guid(00000000000000001000000000000000) Importer(815301076,1909f56bfc062723c751e8b465ee728b)  -> (artifact id: '42d402b061de3733987d63b9cc3b64de') in 0.009372 seconds 
  Import took 0.012779 seconds .

========================================================================
Received Import Request.
  Time since last request: 49.123995 seconds.
  path: Assets/material.mat
  artifactKey: Guid(a7b954f45a75926498b4d7d87d8815c0) Importer(815301076,1909f56bfc062723c751e8b465ee728b)
Start importing Assets/material.mat using Guid(a7b954f45a75926498b4d7d87d8815c0) Importer(815301076,1909f56bfc062723c751e8b465ee728b)  -> (artifact id: 'fbe5c08093731d0b4c36136868283a66') in 0.013484 seconds 
  Import took 0.016621 seconds .

========================================================================
Received Import Request.
  Time since last request: 17.809625 seconds.
  path: Assets/Trousers.mat
  artifactKey: Guid(0b99fd97edefdc7498bb5a9cb5b10039) Importer(815301076,1909f56bfc062723c751e8b465ee728b)
Start importing Assets/Trousers.mat using Guid(0b99fd97edefdc7498bb5a9cb5b10039) Importer(815301076,1909f56bfc062723c751e8b465ee728b)  -> (artifact id: 'aa36098fe1355226c6d6b35a4ff54339') in 0.013137 seconds 
  Import took 0.016462 seconds .

========================================================================
Received Import Request.
  Time since last request: 31.356940 seconds.
  path: Assets/FlexibleCelShader/Shaders/CelSilhouette.shader
  artifactKey: Guid(1fe8cefbb0066914f8f323f408d6b201) Importer(815301076,1909f56bfc062723c751e8b465ee728b)
Start importing Assets/FlexibleCelShader/Shaders/CelSilhouette.shader using Guid(1fe8cefbb0066914f8f323f408d6b201) Importer(815301076,1909f56bfc062723c751e8b465ee728b)  -> (artifact id: 'b54b7bc37c98a30e48c02fe829af0441') in 0.008227 seconds 
  Import took 0.011903 seconds .

========================================================================
Received Import Request.
  Time since last request: 0.606623 seconds.
  path: Assets/FlexibleCelShader/Shaders/CelNoOutline.shader
  artifactKey: Guid(9e0b78a84584ffb4b9d963b4c6f26436) Importer(815301076,1909f56bfc062723c751e8b465ee728b)
Start importing Assets/FlexibleCelShader/Shaders/CelNoOutline.shader using Guid(9e0b78a84584ffb4b9d963b4c6f26436) Importer(815301076,1909f56bfc062723c751e8b465ee728b)  -> (artifact id: '819352cb644afab3744430cb95bae82a') in 0.006985 seconds 
  Import took 0.009974 seconds .

========================================================================
Received Import Request.
  Time since last request: 144.171069 seconds.
  path: Assets/FlexibleCelShader/Example/ExplMat2.mat
  artifactKey: Guid(464aa8dc83108f249a5b3cd75f0f5d85) Importer(815301076,1909f56bfc062723c751e8b465ee728b)
Start importing Assets/FlexibleCelShader/Example/ExplMat2.mat using Guid(464aa8dc83108f249a5b3cd75f0f5d85) Importer(815301076,1909f56bfc062723c751e8b465ee728b)  -> (artifact id: 'f3ae1eda6c714b29cbe8bdb718274253') in 0.011490 seconds 
  Import took 0.015050 seconds .

========================================================================
Received Import Request.
  Time since last request: 9.712430 seconds.
  path: Assets/Trousers.mat
  artifactKey: Guid(0b99fd97edefdc7498bb5a9cb5b10039) Importer(815301076,1909f56bfc062723c751e8b465ee728b)
Start importing Assets/Trousers.mat using Guid(0b99fd97edefdc7498bb5a9cb5b10039) Importer(815301076,1909f56bfc062723c751e8b465ee728b)  -> (artifact id: '7af8c7885367a8ec0dea7e322e5d4909') in 0.019149 seconds 
  Import took 0.021706 seconds .

========================================================================
Received Import Request.
  Time since last request: 130.887352 seconds.
  path: Assets/ExplMat2 1.mat
  artifactKey: Guid(2f5317aedafe41149bd7a010a57d3113) Importer(815301076,1909f56bfc062723c751e8b465ee728b)
Start importing Assets/ExplMat2 1.mat using Guid(2f5317aedafe41149bd7a010a57d3113) Importer(815301076,1909f56bfc062723c751e8b465ee728b)  -> (artifact id: 'a6b6a4fd19e7436d712dc65c6d46f82c') in 0.014236 seconds 
  Import took 0.017220 seconds .

========================================================================
Received Import Request.
  Time since last request: 18.508748 seconds.
  path: Assets/Trousers.mat
  artifactKey: Guid(2f5317aedafe41149bd7a010a57d3113) Importer(815301076,1909f56bfc062723c751e8b465ee728b)
Start importing Assets/Trousers.mat using Guid(2f5317aedafe41149bd7a010a57d3113) Importer(815301076,1909f56bfc062723c751e8b465ee728b)  -> (artifact id: 'b900aff2e2e4adbe3a241a116e6872e0') in 0.008952 seconds 
  Import took 0.012141 seconds .

========================================================================
Received Import Request.
  Time since last request: 8.504442 seconds.
  path: Assets/Skirt.mat
  artifactKey: Guid(483abbb1ceb4c48429b97384095582e8) Importer(815301076,1909f56bfc062723c751e8b465ee728b)
Start importing Assets/Skirt.mat using Guid(483abbb1ceb4c48429b97384095582e8) Importer(815301076,1909f56bfc062723c751e8b465ee728b)  -> (artifact id: '7eb680112b3d3d8bfc1ce7c8745aa074') in 0.012954 seconds 
  Import took 0.015321 seconds .

========================================================================
Received Import Request.
  Time since last request: 168.070840 seconds.
  path: Assets/Skirt.mat
  artifactKey: Guid(483abbb1ceb4c48429b97384095582e8) Importer(815301076,1909f56bfc062723c751e8b465ee728b)
Start importing Assets/Skirt.mat using Guid(483abbb1ceb4c48429b97384095582e8) Importer(815301076,1909f56bfc062723c751e8b465ee728b)  -> (artifact id: '5158f6b173895c0cc07646e9d97d223c') in 0.014149 seconds 
  Import took 0.016612 seconds .

========================================================================
Received Import Request.
  Time since last request: 0.000249 seconds.
  path: Assets/Trousers.mat
  artifactKey: Guid(2f5317aedafe41149bd7a010a57d3113) Importer(815301076,1909f56bfc062723c751e8b465ee728b)
Start importing Assets/Trousers.mat using Guid(2f5317aedafe41149bd7a010a57d3113) Importer(815301076,1909f56bfc062723c751e8b465ee728b)  -> (artifact id: 'bb5bc5c77cfba2892f20da7ecee6a4d0') in 0.012526 seconds 
  Import took 0.015253 seconds .

========================================================================
Received Import Request.
  Time since last request: 2.375947 seconds.
  path: Assets/Trousers 1.mat
  artifactKey: Guid(5bb0ae5a13300d3449703c780257f17f) Importer(815301076,1909f56bfc062723c751e8b465ee728b)
Start importing Assets/Trousers 1.mat using Guid(5bb0ae5a13300d3449703c780257f17f) Importer(815301076,1909f56bfc062723c751e8b465ee728b)  -> (artifact id: '2dc66e7dc7f3532fba965455546f0713') in 0.012668 seconds 
  Import took 0.015294 seconds .

========================================================================
Received Import Request.
  Time since last request: 2.786379 seconds.
  path: Assets/Trousers 2.mat
  artifactKey: Guid(fdf586908c8730747b98d8af77909670) Importer(815301076,1909f56bfc062723c751e8b465ee728b)
Start importing Assets/Trousers 2.mat using Guid(fdf586908c8730747b98d8af77909670) Importer(815301076,1909f56bfc062723c751e8b465ee728b)  -> (artifact id: 'b538573b41af61ad1bfa0b8395ad93e1') in 0.013517 seconds 
  Import took 0.015960 seconds .

========================================================================
Received Import Request.
  Time since last request: 5.499912 seconds.
  path: Assets/Skin.mat
  artifactKey: Guid(fdf586908c8730747b98d8af77909670) Importer(815301076,1909f56bfc062723c751e8b465ee728b)
Start importing Assets/Skin.mat using Guid(fdf586908c8730747b98d8af77909670) Importer(815301076,1909f56bfc062723c751e8b465ee728b)  -> (artifact id: '3c546b6a49d7083b9ae4765de35d62fd') in 0.011969 seconds 
  Import took 0.015100 seconds .

========================================================================
Received Import Request.
  Time since last request: 11.330517 seconds.
  path: Assets/Shoes.mat
  artifactKey: Guid(de372ddf46b907a42aec8e16b49c06aa) Importer(815301076,1909f56bfc062723c751e8b465ee728b)
Start importing Assets/Shoes.mat using Guid(de372ddf46b907a42aec8e16b49c06aa) Importer(815301076,1909f56bfc062723c751e8b465ee728b)  -> (artifact id: '6ccea4fee140ff27d3a68e7c9b85b62d') in 0.014240 seconds 
  Import took 0.017329 seconds .

========================================================================
Received Import Request.
  Time since last request: 11.324403 seconds.
  path: Assets/Head.mat
  artifactKey: Guid(5bb0ae5a13300d3449703c780257f17f) Importer(815301076,1909f56bfc062723c751e8b465ee728b)
Start importing Assets/Head.mat using Guid(5bb0ae5a13300d3449703c780257f17f) Importer(815301076,1909f56bfc062723c751e8b465ee728b)  -> (artifact id: 'bc696ab7c97b8efa9b198e5c7f489060') in 0.012185 seconds 
  Import took 0.015043 seconds .

========================================================================
Received Prepare
Registering precompiled user dll's ...
Registered in 0.002737 seconds.
Begin MonoManager ReloadAssembly
Native extension for WindowsStandalone target not found
Refreshing native plugins compatible for Editor in 0.46 ms, found 2 plugins.
Preloading 0 native plugins for Editor in 0.00 ms.
Mono: successfully reloaded assembly
- Completed reload, in  0.939 seconds
Domain Reload Profiling:
	ReloadAssembly (940ms)
		BeginReloadAssembly (118ms)
			ExecutionOrderSort (0ms)
			DisableScriptedObjects (4ms)
			BackupInstance (0ms)
			ReleaseScriptingObjects (0ms)
			CreateAndSetChildDomain (35ms)
		EndReloadAssembly (757ms)
			LoadAssemblies (81ms)
			RebuildTransferFunctionScriptingTraits (0ms)
			SetupTypeCache (262ms)
			ReleaseScriptCaches (1ms)
			RebuildScriptCaches (37ms)
			SetupLoadedEditorAssemblies (281ms)
				LogAssemblyErrors (0ms)
				InitializePlatformSupportModulesInManaged (5ms)
				SetLoadedEditorAssemblies (0ms)
				RefreshPlugins (1ms)
				BeforeProcessingInitializeOnLoad (48ms)
				ProcessInitializeOnLoadAttributes (217ms)
				ProcessInitializeOnLoadMethodAttributes (4ms)
				AfterProcessingInitializeOnLoad (6ms)
				EditorAssembliesLoaded (0ms)
			ExecutionOrderSort2 (0ms)
			AwakeInstancesAfterBackupRestoration (7ms)
Platform modules already initialized, skipping
Refreshing native plugins compatible for Editor in 0.31 ms, found 2 plugins.
Preloading 0 native plugins for Editor in 0.00 ms.
Unloading 1396 Unused Serialized files (Serialized files now loaded: 0)
System memory in use before: 82.4 MB.
System memory in use after: 82.4 MB.

Unloading 13 unused Assets to reduce memory usage. Loaded Objects now: 1889.
Total: 2.848100 ms (FindLiveObjects: 0.195200 ms CreateObjectMapping: 0.036200 ms MarkObjects: 2.516000 ms  DeleteObjects: 0.099100 ms)

AssetImportParameters requested are different than current active one (requested -> active):
  custom:framework-win-MediaFoundation: 216162199b28c13a410421893ffa2e32 -> 
  custom:video-decoder-ogg-theora: a1e56fd34408186e4bbccfd4996cb3dc -> 
  custom:container-muxer-webm: aa71ff27fc2769a1b78a27578f13a17b -> 
  custom:container-demuxer-webm: 4f35f7cbe854078d1ac9338744f61a02 -> 
  custom:container-demuxer-ogg: 62fdf1f143b41e24485cea50d1cbac27 -> 
  custom:video-encoder-webm-vp8: eb34c28f22e8b96e1ab97ce403110664 -> 
  custom:video-decoder-webm-vp8: 9c59270c3fd7afecdb556c50c9e8de78 -> 
  custom:audio-decoder-ogg-vorbis: bf7c407c2cedff20999df2af8eb42d56 -> 
  custom:audio-encoder-webm-vorbis: bf7c407c2cedff20999df2af8eb42d56 -> 
========================================================================
Received Import Request.
  Time since last request: 731.499244 seconds.
  path: Assets/Materials
  artifactKey: Guid(edbff8d685fd7de44bcf0ef76859df66) Importer(815301076,1909f56bfc062723c751e8b465ee728b)
Start importing Assets/Materials using Guid(edbff8d685fd7de44bcf0ef76859df66) Importer(815301076,1909f56bfc062723c751e8b465ee728b)  -> (artifact id: 'fb642ac8267d55c2b1bbb912122aa4eb') in 0.010861 seconds 
  Import took 0.013454 seconds .

========================================================================
Received Prepare
Registering precompiled user dll's ...
Registered in 0.002771 seconds.
Begin MonoManager ReloadAssembly
Native extension for WindowsStandalone target not found
Refreshing native plugins compatible for Editor in 0.33 ms, found 2 plugins.
Preloading 0 native plugins for Editor in 0.00 ms.
Mono: successfully reloaded assembly
- Completed reload, in  0.969 seconds
Domain Reload Profiling:
	ReloadAssembly (969ms)
		BeginReloadAssembly (128ms)
			ExecutionOrderSort (0ms)
			DisableScriptedObjects (5ms)
			BackupInstance (0ms)
			ReleaseScriptingObjects (0ms)
			CreateAndSetChildDomain (32ms)
		EndReloadAssembly (774ms)
			LoadAssemblies (93ms)
			RebuildTransferFunctionScriptingTraits (0ms)
			SetupTypeCache (258ms)
			ReleaseScriptCaches (1ms)
			RebuildScriptCaches (37ms)
			SetupLoadedEditorAssemblies (288ms)
				LogAssemblyErrors (0ms)
				InitializePlatformSupportModulesInManaged (5ms)
				SetLoadedEditorAssemblies (0ms)
				RefreshPlugins (0ms)
				BeforeProcessingInitializeOnLoad (49ms)
				ProcessInitializeOnLoadAttributes (222ms)
				ProcessInitializeOnLoadMethodAttributes (4ms)
				AfterProcessingInitializeOnLoad (6ms)
				EditorAssembliesLoaded (0ms)
			ExecutionOrderSort2 (0ms)
			AwakeInstancesAfterBackupRestoration (7ms)
Platform modules already initialized, skipping
Refreshing native plugins compatible for Editor in 0.38 ms, found 2 plugins.
Preloading 0 native plugins for Editor in 0.00 ms.
Unloading 1396 Unused Serialized files (Serialized files now loaded: 0)
System memory in use before: 82.4 MB.
System memory in use after: 82.4 MB.

Unloading 13 unused Assets to reduce memory usage. Loaded Objects now: 1891.
Total: 3.433100 ms (FindLiveObjects: 0.242400 ms CreateObjectMapping: 0.037700 ms MarkObjects: 3.015700 ms  DeleteObjects: 0.135800 ms)

AssetImportParameters requested are different than current active one (requested -> active):
  custom:framework-win-MediaFoundation: 216162199b28c13a410421893ffa2e32 -> 
  custom:video-decoder-ogg-theora: a1e56fd34408186e4bbccfd4996cb3dc -> 
  custom:container-muxer-webm: aa71ff27fc2769a1b78a27578f13a17b -> 
  custom:container-demuxer-webm: 4f35f7cbe854078d1ac9338744f61a02 -> 
  custom:container-demuxer-ogg: 62fdf1f143b41e24485cea50d1cbac27 -> 
  custom:video-encoder-webm-vp8: eb34c28f22e8b96e1ab97ce403110664 -> 
  custom:video-decoder-webm-vp8: 9c59270c3fd7afecdb556c50c9e8de78 -> 
  custom:audio-decoder-ogg-vorbis: bf7c407c2cedff20999df2af8eb42d56 -> 
  custom:audio-encoder-webm-vorbis: bf7c407c2cedff20999df2af8eb42d56 -> 
AssetImportWorkerClient::OnTransportError - code=2 error=End of file
